2026-05-01 15:52:15,467 admin_id=1 admin_username=Jason action=approve-claim claim_id=2 item_id=4 note=claim_status=approved item_claimed=True
2026-05-01 15:52:28,891 admin_id=1 admin_username=Jason action=reject-claim claim_id=1 item_id=5 note=claim_status=rejected
2026-05-01 19:33:04,753 admin_id=1 admin_username=Jason action=approve-claim claim_id=3 item_id=6 note=claim_status=approved item_claimed=True
2026-05-01 20:46:15,228 admin_id=1 admin_username=Jason action=reject-claim claim_id=4 item_id=10 note=claim_status=rejected
2026-05-01 21:28:59,426 admin_id=1 admin_username=Jason action=mark-item-claimed claim_id= item_id=13 note=item_status=Claimed
2026-05-02 09:31:56,102 admin_id=1 admin_username=Jason action=delete-claim claim_id=5 item_id= note=claim_status=pending
2026-05-02 09:31:59,273 admin_id=1 admin_username=Jason action=delete-claim claim_id=4 item_id= note=claim_status=rejected
2026-05-02 09:32:56,077 admin_id=1 admin_username=Jason action=mark-item-claimed claim_id= item_id=12 note=item_status=Claimed
2026-05-02 10:26:07,309 admin_id=1 admin_username=Jason action=delete-user claim_id= item_id= note=deleted_user_id=5
2026-05-02 10:38:31,907 admin_id=1 admin_username=Jason action=mark-item-claimed claim_id= item_id=15 note=item_status=Claimed
2026-05-02 10:38:45,547 admin_id=1 admin_username=Jason action=promote-user claim_id= item_id= note=target_user_id=4
2026-05-02 10:38:49,048 admin_id=1 admin_username=Jason action=demote-user claim_id= item_id= note=target_user_id=4
2026-05-02 10:41:12,244 admin_id=1 admin_username=Jason action=promote-user claim_id= item_id= note=target_user_id=4
2026-05-02 10:41:15,622 admin_id=1 admin_username=Jason action=demote-user claim_id= item_id= note=target_user_id=4
2026-05-02 10:41:36,903 admin_id=1 admin_username=Jason action=delete-item claim_id= item_id=10 note=title=I want to kill you
2026-05-02 10:49:42,768 admin_id=1 admin_username=Jason action=promote-user claim_id= item_id= note=target_user_id=3
2026-05-02 10:50:04,951 admin_id=1 admin_username=Jason action=delete-item claim_id= item_id=14 note=title=blue water bottle in classroom
2026-05-02 10:52:28,768 admin_id=1 admin_username=Jason action=demote-user claim_id= item_id= note=target_user_id=3
2026-05-02 10:52:35,839 admin_id=1 admin_username=Jason action=delete-item claim_id= item_id=17 note=title=ILLEGAL ILLEGAL F WORD
2026-05-02 12:49:51,347 admin_id=1 admin_username=Jason action=delete-item claim_id= item_id=16 note=title=this is a test
2026-05-02 12:49:53,236 admin_id=1 admin_username=Jason action=delete-item claim_id= item_id=15 note=title=testing
2026-05-02 12:49:54,985 admin_id=1 admin_username=Jason action=delete-item claim_id= item_id=13 note=title=lost MacBook
2026-05-02 12:49:56,602 admin_id=1 admin_username=Jason action=delete-item claim_id= item_id=12 note=title=computer
2026-05-02 12:49:58,637 admin_id=1 admin_username=Jason action=delete-item claim_id= item_id=11 note=title=water bottle
2026-05-02 12:50:00,186 admin_id=1 admin_username=Jason action=delete-item claim_id= item_id=9 note=title=testing
2026-05-02 12:50:01,543 admin_id=1 admin_username=Jason action=delete-item claim_id= item_id=8 note=title=safety test
2026-05-02 12:50:03,971 admin_id=1 admin_username=Jason action=delete-item claim_id= item_id=7 note=title=shrek
2026-05-02 12:50:05,433 admin_id=1 admin_username=Jason action=delete-item claim_id= item_id=6 note=title=green water bottle(seems like Jason's)
2026-05-02 12:50:06,754 admin_id=1 admin_username=Jason action=delete-item claim_id= item_id=5 note=title=hello
2026-05-02 12:50:08,206 admin_id=1 admin_username=Jason action=delete-item claim_id= item_id=4 note=title=TSESTOMG
2026-05-02 12:50:09,550 admin_id=1 admin_username=Jason action=delete-item claim_id= item_id=3 note=title=how
2026-05-02 12:50:11,458 admin_id=1 admin_username=Jason action=delete-item claim_id= item_id=2 note=title=backrooms
2026-05-02 12:50:13,953 admin_id=1 admin_username=Jason action=delete-item claim_id= item_id=1 note=title=Test Bottle
2026-05-02 12:50:27,008 admin_id=1 admin_username=Jason action=delete-user claim_id= item_id= note=deleted_user_id=5
2026-05-02 12:50:46,325 admin_id=1 admin_username=Jason action=promote-user claim_id= item_id= note=target_user_id=2
2026-05-02 13:39:42,982 admin_id=1 admin_username=Jason action=mark-item-claimed claim_id= item_id=1 note=item_status=Claimed
2026-05-02 13:39:54,099 admin_id=1 admin_username=Jason action=delete-item claim_id= item_id=1 note=title=flipper zero
2026-05-02 16:24:15,522 admin_id=1 admin_username=Jason action=reject-claim claim_id=2 item_id=6 note=claim_status=rejected
2026-05-02 16:31:25,306 admin_id=1 admin_username=Jason action=demote-user claim_id= item_id= note=target_user_id=2
2026-05-02 16:35:04,532 admin_id=1 admin_username=Jason action=promote-user claim_id= item_id= note=target_user_id=5
2026-05-02 16:35:20,687 admin_id=1 admin_username=Jason action=review-item claim_id= item_id=8 note=review_status=incomplete
2026-05-02 17:58:03,163 admin_id=1 admin_username=Jason action=delete-user claim_id= item_id= note=deleted_user_id=5
2026-05-02 17:58:23,253 admin_id=1 admin_username=Jason action=approve-claim claim_id=1 item_id=2 note=claim_status=approved item_claimed=True
2026-05-02 17:58:29,759 admin_id=1 admin_username=Jason action=delete-claim claim_id=2 item_id= note=claim_status=rejected
2026-05-02 17:58:44,561 admin_id=1 admin_username=Jason action=delete-item claim_id= item_id=8 note=title=white water bottle
2026-05-02 17:58:46,677 admin_id=1 admin_username=Jason action=delete-item claim_id= item_id=6 note=title=WATER BOTTLE BLUE
2026-05-02 17:58:49,526 admin_id=1 admin_username=Jason action=delete-item claim_id= item_id=7 note=title=blue water bottle
2026-05-02 17:58:52,429 admin_id=1 admin_username=Jason action=delete-item claim_id= item_id=5 note=title=FSDFDSFDSFDSF
2026-05-02 17:58:55,043 admin_id=1 admin_username=Jason action=delete-item claim_id= item_id=4 note=title=fdfdsfdsfsdf
2026-05-02 17:58:57,794 admin_id=1 admin_username=Jason action=delete-item claim_id= item_id=3 note=title=dsfdsfsd
2026-05-02 17:58:59,545 admin_id=1 admin_username=Jason action=delete-item claim_id= item_id=2 note=title=THIS IS GOOD
2026-05-02 17:59:01,529 admin_id=1 admin_username=Jason action=delete-item claim_id= item_id=1 note=title=hello
2026-05-02 21:38:43,248 route=/items/1/claim user_id=1 username=Jason reason=Claim rejected because the provided details do not match the reported item closely enough. content=water bottle lost at scratch brick in sports hall red and in sports hall
2026-05-03 07:37:35,108 route=/query user_id=1 username=Jason reason=gibberish content=ifkjdsfadsfsdfads
2026-05-03 07:37:57,908 route=/items/3/query user_id=1 username=Jason reason=spam/gibberish content=yo chat
2026-05-03 07:39:29,953 route=/items/5/query user_id=1 username=Jason reason=repeated characters or obvious keyboard mash content=fsdafasdfadsfsdafads
2026-05-03 07:40:22,368 route=/items/5/query user_id=1 username=Jason reason=repeated characters content=iyjtftyf
2026-05-03 07:43:44,380 route=/items/report user_id=1 username=Jason reason=contains non-sensical phrase and repeated slang content=DA BRICK TIS IS THE BRICKENTISER New Sports Hall Electronics
2026-05-03 07:44:23,216 route=/items/report user_id=1 username=Jason reason=Repetitive characters and lack of semantic content content=DA BRICK TIS IS THE BRICKENTISER bRO SUBMIT THIS New Sports Hall Electronics
2026-05-03 08:33:01,203 route=/items/8/claim user_id=2 username=joshua reason=Claim rejected because the provided details do not match the reported item closely enough. content=this is my apple pencil scratched, new white Apple Pencil library has a little sticker on the apple pencil
2026-05-03 08:35:02,288 admin_id=1 admin_username=Jason action=mark-item-claimed claim_id= item_id=8 note=item_status=Claimed
2026-05-03 08:35:16,715 admin_id=1 admin_username=Jason action=override-abuse claim_id= item_id=8 note=abuse_override_status=
2026-05-03 08:35:19,119 admin_id=1 admin_username=Jason action=override-abuse claim_id= item_id=8 note=abuse_override_status=flag
2026-05-03 08:35:21,403 admin_id=1 admin_username=Jason action=override-abuse claim_id= item_id=8 note=abuse_override_status=allow
2026-05-03 08:35:24,214 admin_id=1 admin_username=Jason action=override-abuse claim_id= item_id=8 note=abuse_override_status=allow
2026-05-03 08:35:26,384 admin_id=1 admin_username=Jason action=override-abuse claim_id= item_id=8 note=abuse_override_status=flag
2026-05-03 08:35:33,775 admin_id=1 admin_username=Jason action=override-abuse claim_id= item_id=8 note=abuse_override_status=
2026-05-03 08:35:36,881 admin_id=1 admin_username=Jason action=override-abuse claim_id= item_id=8 note=abuse_override_status=
2026-05-03 08:35:39,802 admin_id=1 admin_username=Jason action=review-item claim_id= item_id=8 note=review_status=rejected
2026-05-03 08:35:42,502 admin_id=1 admin_username=Jason action=review-item claim_id= item_id=8 note=review_status=approved
2026-05-03 08:35:49,522 admin_id=1 admin_username=Jason action=review-item claim_id= item_id=8 note=review_status=approved
2026-05-03 08:35:52,089 admin_id=1 admin_username=Jason action=delete-item claim_id= item_id=8 note=title=Apple Pencil
2026-05-03 08:35:58,500 admin_id=1 admin_username=Jason action=override-abuse claim_id= item_id=7 note=abuse_override_status=
2026-05-03 08:36:22,312 route=/query user_id=1 username=Jason reason=Spam/Non-sense language, Not relevant to lost-and-found content=what are your fav movies guys
2026-05-03 08:36:41,233 route=/query user_id=1 username=Jason reason=no semantic content content=uh guys hi
2026-05-03 08:36:58,943 route=/query user_id=1 username=Jason reason=gibberish, nonsense content=yoooooo wassup chat
2026-05-03 08:39:46,393 route=/query user_id=1 username=Jason reason=abusive, threatening, or inappropriate language content=bruh this chat is unhinged
2026-05-03 15:57:09,382 route=/query user_id=1 username=Jason reason=Extremely low-effort input with under 6 meaningful characters content=this one right?
2026-05-03 15:57:23,849 route=/query user_id=1 username=Jason reason=not a specific item report content=is this the water bottle your looking for? at libary
2026-05-03 16:00:38,837 admin_id=1 admin_username=Jason action=approve-claim claim_id=3 item_id=4 note=claim_status=approved item_claimed=True
2026-05-03 17:02:41,982 route=/items/report user_id=1 username=Jason reason=Repeated characters and obvious keyboard mash, low-effort input with under 6 meaningful characters content=blue water bottle testing testing testing everything dissapeared New Sports Hall Electronics
2026-05-03 17:03:07,043 route=/items/report user_id=1 username=Jason reason=Lack of semantic content and unclear relevance to lost-and-found content=blue water bottle sports hall found New Sports Hall Electronics
2026-05-03 17:13:00,988 route=/items/1/query user_id=1 username=student1 reason=Blocked content=bad ai chat
2026-05-03 17:13:01,023 route=/query user_id=1 username=student1 reason=Blocked content=bad free chat
2026-05-03 17:13:01,058 route=/items/1/claim user_id=1 username=student1 reason=Claim rejected because the provided details do not match the reported item closely enough. content=This is definitely mine because I used it in class. A blue metal bottle with a dent on the side. Sports Hall Blue metal dented bottle
2026-05-03 17:13:55,346 route=/items/1/query user_id=1 username=student1 reason=Blocked content=bad ai chat
2026-05-03 17:13:55,383 route=/query user_id=1 username=student1 reason=Blocked content=bad free chat
2026-05-03 17:13:55,422 route=/items/1/claim user_id=1 username=student1 reason=Claim rejected because the provided details do not match the reported item closely enough. content=This is definitely mine because I used it in class. A blue metal bottle with a dent on the side. Sports Hall Blue metal dented bottle
2026-05-03 17:14:46,287 route=/items/report user_id=1 username=Jason reason=Gibberish input content=fadsfdsfdsfds fdsafdsfasdfsd New Sports Hall Electronics
2026-05-03 17:17:10,051 route=/query user_id=1 username=Jason reason=No semantic content related to lost-and-found content=what is aerobic respiration?
2026-05-03 17:48:10,033 route=/items/1/query user_id=1 username=student1 reason=Blocked content=bad ai chat
2026-05-03 17:48:10,072 route=/query user_id=1 username=student1 reason=Blocked content=bad free chat
2026-05-03 17:48:10,111 route=/items/1/claim user_id=1 username=student1 reason=Claim rejected because the provided details do not match the reported item closely enough. content=This is definitely mine because I used it in class. A blue metal bottle with a dent on the side. Sports Hall Blue metal dented bottle
2026-05-03 19:19:58,072 admin_id=3 admin_username=Jasonilization action=delete-user claim_id= item_id= note=deleted_user_id=2
2026-05-03 19:20:01,230 admin_id=3 admin_username=Jasonilization action=delete-user claim_id= item_id= note=deleted_user_id=1
2026-05-03 19:20:13,690 admin_id=3 admin_username=Jasonilization action=delete-claim claim_id=1 item_id= note=claim_status=pending
2026-05-03 19:20:24,775 admin_id=3 admin_username=Jasonilization action=mark-item-claimed claim_id= item_id=1 note=item_status=Claimed
2026-05-03 19:20:31,659 admin_id=3 admin_username=Jasonilization action=delete-item claim_id= item_id=1 note=title=blue water bottle
2026-05-03 21:07:57,888 route=/query user_id=3 username=Jasonilization reason=Blocked: obvious spam. content=helllllllo
2026-05-03 21:08:17,659 route=/query user_id=3 username=Jasonilization reason=Blocked: clearly unrelated to a lost or found item. content=WHAT IS YOUR FAV MOVIE
2026-05-04 12:20:59,806 admin_id=2 admin_username=plakides action=override-abuse claim_id= item_id=1 note=abuse_override_status=flag
2026-05-04 12:23:37,830 route=/items/1/query user_id=2 username=plakides reason=no semantic content, even if it mentions an object content=has it been claimed yet?
2026-05-04 12:23:43,335 route=/items/1/query user_id=2 username=plakides reason=no semantic content, even if it mentions an object content=has it been claimed yet?
2026-05-04 12:26:45,447 route=/items/report user_id=3 username=2030tt.j@shrewsbury.in.th reason=clearly unrelated to lost-and-found content=test testingtesting Innovation Building - Room A204 Other
2026-05-04 12:27:23,441 route=/items/report user_id=3 username=2030tt.j@shrewsbury.in.th reason=clearly unrelated to lost-and-found content=test testingtesting Innovation Building - Room A204 Other
2026-05-04 13:14:39,221 route=/items/report user_id=1 username=Jasonilization reason=Relevant but not usable input. Please provide a specific lost or found item description. content=TESTING TESTING TESTING New Sports Hall Electronics
2026-05-04 13:15:19,623 route=/items/report user_id=1 username=Jasonilization reason=New Sports Hall Electronics does not appear to be related to lost-and-found content=TESTING this is a water bottle, scratched and found on the sports hall New Sports Hall Electronics
2026-05-04 13:30:08,252 admin_id=1 admin_username=Jasonilization action=override-abuse claim_id= item_id=1 note=abuse_override_status=allow
2026-05-04 13:32:54,163 route=/query user_id=1 username=Jasonilization reason=Blocked: message needs more specific detail. content=今天有哪些新上报的物品？
2026-05-04 13:33:45,515 route=/query user_id=1 username=Jasonilization reason=Blocked: message needs more specific detail. content=哪些地点最近报告最多？
2026-05-04 13:37:44,770 admin_id=1 admin_username=Jasonilization action=override-abuse claim_id= item_id=1 note=abuse_override_status=
2026-05-04 13:37:50,303 admin_id=1 admin_username=Jasonilization action=override-abuse claim_id= item_id=1 note=abuse_override_status=flag
2026-05-04 13:37:53,844 admin_id=1 admin_username=Jasonilization action=review-item claim_id= item_id=1 note=review_status=incomplete
2026-05-04 13:37:57,467 admin_id=1 admin_username=Jasonilization action=review-item claim_id= item_id=1 note=review_status=rejected
2026-05-04 13:38:03,230 admin_id=1 admin_username=Jasonilization action=review-item claim_id= item_id=1 note=review_status=approved
2026-05-04 16:04:28,794 route=/items/report user_id=1 username=Jasonilization reason=Lacks semantic content related to lost-and-found, includes ambiguous phrase 'New Sports Hall Electronics' content=water bottle blue and scratched New Sports Hall Electronics
2026-05-04 16:07:12,394 route=/items/report user_id=1 username=Jasonilization reason=Lacks semantic content related to lost-and-found, includes ambiguous phrase 'New Sports Hall Electronics' content=water bottle blue and scratched New Sports Hall Electronics
2026-05-04 16:07:13,186 route=/items/report user_id=1 username=Jasonilization reason=Lacks semantic content related to lost-and-found, includes ambiguous phrase 'New Sports Hall Electronics' content=water bottle blue and scratched New Sports Hall Electronics
2026-05-04 16:07:13,868 route=/items/report user_id=1 username=Jasonilization reason=Lacks semantic content related to lost-and-found, includes ambiguous phrase 'New Sports Hall Electronics' content=water bottle blue and scratched New Sports Hall Electronics
2026-05-04 16:07:14,044 route=/items/report user_id=1 username=Jasonilization reason=Lacks semantic content related to lost-and-found, includes ambiguous phrase 'New Sports Hall Electronics' content=water bottle blue and scratched New Sports Hall Electronics
2026-05-04 16:07:14,199 route=/items/report user_id=1 username=Jasonilization reason=Lacks semantic content related to lost-and-found, includes ambiguous phrase 'New Sports Hall Electronics' content=water bottle blue and scratched New Sports Hall Electronics
2026-05-04 16:07:14,346 route=/items/report user_id=1 username=Jasonilization reason=Lacks semantic content related to lost-and-found, includes ambiguous phrase 'New Sports Hall Electronics' content=water bottle blue and scratched New Sports Hall Electronics
2026-05-04 16:11:14,227 route=/items/report user_id=1 username=Jasonilization reason=Repeated characters content=water bottle blue water bottle New Sports Hall Electronics
2026-05-04 16:25:04,291 route=/items/1/query user_id=1 username=student1 reason=Blocked content=bad ai chat
2026-05-04 16:25:04,331 route=/query user_id=1 username=student1 reason=Blocked content=bad free chat
2026-05-04 16:25:04,391 route=/items/1/claim user_id=1 username=student1 reason=Claim rejected because the provided details do not match the reported item closely enough. content=This is definitely mine because I used it in class. A blue metal bottle with a dent on the side. Sports Hall Blue metal dented bottle
2026-05-04 16:31:11,549 route=/items/report user_id=1 username=Jasonilization reason=Blocked: obvious spam. content=blue water bottle BLUE WATER BOTTLE WITH NAME TAG SAYING SKIBIDI SCRATCHED New Sports Hall Electronics
2026-05-04 16:35:29,219 route=/items/report user_id=1 username=Jasonilization reason=Clearly unrelated to lost-and-found. The phrase 'New Sports Hall Electronics' is not relevant to the description of a lost item. content=multicolored water bottle multicoloured water bottle, with a bit of scratches on it New Sports Hall Electronics
2026-05-04 16:42:31,578 route=/items/1/query user_id=1 username=student1 reason=Blocked content=bad ai chat
2026-05-04 16:42:31,632 route=/query user_id=1 username=student1 reason=Blocked content=bad free chat
2026-05-04 16:42:31,674 route=/items/1/claim user_id=1 username=student1 reason=Claim rejected because the provided details do not match the reported item closely enough. content=This is definitely mine because I used it in class. A blue metal bottle with a dent on the side. Sports Hall Blue metal dented bottle
2026-05-04 17:02:06,492 route=/items/1/query user_id=1 username=student1 reason=Blocked content=bad ai chat
2026-05-04 17:02:06,563 route=/query user_id=1 username=student1 reason=Blocked content=bad free chat
2026-05-04 17:02:06,584 route=/items/1/claim user_id=1 username=student1 reason=Claim rejected because the provided details do not match the reported item closely enough. content=This is definitely mine because I used it in class. A blue metal bottle with a dent on the side. Sports Hall Blue metal dented bottle
2026-05-04 17:24:49,743 admin_id=1 admin_username=Jasonilization action=delete-item claim_id= item_id=6 note=title=multicolored water bottle
2026-05-04 17:24:51,817 admin_id=1 admin_username=Jasonilization action=delete-item claim_id= item_id=5 note=title=blue water bottle
2026-05-04 17:24:53,193 admin_id=1 admin_username=Jasonilization action=delete-item claim_id= item_id=4 note=title=water bottle
2026-05-04 17:24:54,870 admin_id=1 admin_username=Jasonilization action=delete-item claim_id= item_id=3 note=title=blue water bottle
2026-05-04 17:24:56,259 admin_id=1 admin_username=Jasonilization action=delete-item claim_id= item_id=2 note=title=Water bottle
2026-05-04 17:24:58,610 admin_id=1 admin_username=Jasonilization action=delete-item claim_id= item_id=1 note=title=water bottle
2026-05-04 17:37:44,849 route=/items/report user_id=1 username=Jasonilization reason=clearly unrelated to lost-and-found content=BACKROOMS stumbed into wall, now I see this room, I'm lost guys help Sports Hall Electronics
2026-05-04 17:46:47,862 route=/items/report user_id=1 username=Jasonilization reason=Blocked: obvious spam. content=BACKROOMS I LOSTA A APPLE PENCIL AND I GONE TO GET IT IN THE LIBARY BUT THEN I TRIPPED AND ENDED UP HERE Library Electronics
2026-05-04 17:47:11,981 route=/items/report user_id=1 username=Jasonilization reason=Blocked: obvious spam. content=BACKROOMS I LOSTA A APPLE PENCIL AND I GONE TO GET IT IN THE LIBARY BUT THEN I TRIPPED AND ENDED UP HERE. MY WATER BOTTLE HAS SCRATCHES ON IT, A FEW KEYCHAINS TOO Library Electronics
2026-05-04 19:10:15,029 admin_id=1 admin_username=Jasonilization action=delete-item claim_id= item_id=7 note=title=Blue water bottle
2026-05-04 19:10:18,055 admin_id=1 admin_username=Jasonilization action=delete-item claim_id= item_id=6 note=title=B ACKROOMS
2026-05-04 19:10:26,748 admin_id=1 admin_username=Jasonilization action=delete-item claim_id= item_id=5 note=title=BACKROOMS
2026-05-04 19:10:29,639 admin_id=1 admin_username=Jasonilization action=delete-item claim_id= item_id=4 note=title=BACKROOMS
2026-05-04 19:10:33,559 admin_id=1 admin_username=Jasonilization action=delete-item claim_id= item_id=3 note=title=Backrooms
2026-05-04 19:10:36,689 admin_id=1 admin_username=Jasonilization action=delete-item claim_id= item_id=2 note=title=Macbook
2026-05-04 19:10:40,593 admin_id=1 admin_username=Jasonilization action=delete-item claim_id= item_id=1 note=title=2 water bottles
2026-05-04 19:11:44,814 admin_id=1 admin_username=Jasonilization action=delete-user claim_id= item_id= note=deleted_user_id=3
2026-05-05 06:33:11,166 route=/items user_id=5 username=jasdkfljsd;fsdff reason=Blocked: message is too short to review. content=bl
2026-05-05 06:33:13,579 route=/items user_id=5 username=jasdkfljsd;fsdff reason=Blocked: message is too short to review. content=blu
2026-05-05 06:33:14,930 route=/items user_id=5 username=jasdkfljsd;fsdff reason=Blocked: message is too short to review. content=blu
2026-05-05 06:33:15,735 route=/items user_id=5 username=jasdkfljsd;fsdff reason=Blocked: message is too short to review. content=blue
2026-05-05 06:35:33,112 admin_id=1 admin_username=Jasonilization action=delete-user claim_id= item_id= note=deleted_user_id=5
2026-05-05 06:35:35,514 admin_id=1 admin_username=Jasonilization action=delete-user claim_id= item_id= note=deleted_user_id=4
2026-05-05 06:35:37,568 admin_id=1 admin_username=Jasonilization action=delete-user claim_id= item_id= note=deleted_user_id=3
2026-05-05 06:36:02,626 admin_id=1 admin_username=Jasonilization action=override-abuse claim_id= item_id=1 note=abuse_override_status=
2026-05-05 17:51:38,924 admin_id=1 admin_username=Jasonilization action=delete-item claim_id= item_id=3 note=title=Blue water bottle
2026-05-05 17:51:45,447 admin_id=1 admin_username=Jasonilization action=delete-item claim_id= item_id=2 note=title=Blue water bottle
2026-05-05 17:51:48,063 admin_id=1 admin_username=Jasonilization action=delete-item claim_id= item_id=1 note=title=BLUE WATER BOTTLE
2026-05-05 21:31:35,651 route=/items/6/claim user_id=1 username=Jasonilization reason=Claim rejected because the provided details do not match the reported item closely enough. content=The circled detail matches my item. Selected area from Room item 1. computing room, item, physical, stored
2026-05-05 21:31:39,004 route=/items/6/claim user_id=1 username=Jasonilization reason=Claim rejected because the provided details do not match the reported item closely enough. content=The circled detail matches my item. Selected area from Room item 1. computing room, item, physical, stored
2026-05-05 21:34:07,577 route=/items/6/claim user_id=1 username=Jasonilization reason=Claim rejected because the provided details do not match the reported item closely enough. content=The circled detail matches my item. A collection of water bottles and reusable containers in various colors, placed on a table or shelf. The image has a circular frame. computing bottles, containers, water, storage, organization
