2026-05-03 15:58:58,882 WARNING request_size_blocked client_ip='127.0.0.1' content_length=10555724 route='/items/report'
2026-05-03 15:59:33,350 WARNING rate_limit_blocked limit=15 route='/query' scope='chat' subject='user:1'
2026-05-03 15:59:36,310 WARNING rate_limit_blocked limit=15 route='/query' scope='chat' subject='user:1'
2026-05-03 15:59:36,989 WARNING rate_limit_blocked limit=15 route='/query' scope='chat' subject='user:1'
2026-05-03 15:59:37,438 WARNING rate_limit_blocked limit=15 route='/query' scope='chat' subject='user:1'
2026-05-03 17:02:00,908 WARNING blocked_upload detected_mime_type='image/png' extension='.jpg' reason='mime_mismatch'
2026-05-03 17:02:11,935 WARNING blocked_upload detected_mime_type='image/png' extension='.jpg' reason='mime_mismatch'
2026-05-03 17:02:12,095 WARNING blocked_upload detected_mime_type='image/png' extension='.jpg' reason='mime_mismatch'
2026-05-03 17:02:12,378 WARNING blocked_upload detected_mime_type='image/png' extension='.jpg' reason='mime_mismatch'
2026-05-03 17:02:12,544 WARNING blocked_upload detected_mime_type='image/png' extension='.jpg' reason='mime_mismatch'
2026-05-03 17:02:12,692 WARNING blocked_upload detected_mime_type='image/png' extension='.jpg' reason='mime_mismatch'
2026-05-03 17:02:12,825 WARNING blocked_upload detected_mime_type='image/png' extension='.jpg' reason='mime_mismatch'
2026-05-03 17:02:12,997 WARNING blocked_upload detected_mime_type='image/png' extension='.jpg' reason='mime_mismatch'
2026-05-03 17:02:13,127 WARNING blocked_upload detected_mime_type='image/png' extension='.jpg' reason='mime_mismatch'
2026-05-03 17:02:13,279 WARNING blocked_upload detected_mime_type='image/png' extension='.jpg' reason='mime_mismatch'
2026-05-03 17:02:13,409 WARNING blocked_upload detected_mime_type='image/png' extension='.jpg' reason='mime_mismatch'
2026-05-03 17:02:13,610 WARNING blocked_upload detected_mime_type='image/png' extension='.jpg' reason='mime_mismatch'
2026-05-03 17:03:36,676 WARNING blocked_upload detected_mime_type='image/png' extension='.jpg' reason='mime_mismatch'
2026-05-03 17:13:00,874 INFO bootstrap_admin_created_from_registration user_id=1 username='student1'
2026-05-03 17:13:00,927 INFO bootstrap_admin_created_from_registration user_id=1 username='student1'
2026-05-03 17:13:01,087 WARNING blocked_upload detected_mime_type='text/plain' extension='.jpg' reason='mime_mismatch'
2026-05-03 17:13:18,675 WARNING admin_bootstrap_pending mode='first_registered_user_becomes_admin'
2026-05-03 17:13:55,231 INFO bootstrap_admin_created_from_registration user_id=1 username='student1'
2026-05-03 17:13:55,286 INFO bootstrap_admin_created_from_registration user_id=1 username='student1'
2026-05-03 17:13:55,452 WARNING blocked_upload detected_mime_type='text/plain' extension='.jpg' reason='mime_mismatch'
2026-05-03 17:48:09,779 INFO bootstrap_admin_created username='bootstrapadmin'
2026-05-03 17:48:09,875 WARNING bootstrap_admin_skipped reason='username_conflict' username='bootstrapadmin'
2026-05-03 17:48:10,142 WARNING blocked_upload detected_mime_type='text/plain' extension='.jpg' reason='mime_mismatch'
2026-05-03 17:50:24,704 INFO bootstrap_admin_created username='Jasonilization'
